Base path: C:/Program Files (x86)/Unity/Editor/Data
Pipe name: \\.\pipe\UnityShaderCompiler-1-4508
Cmd: getPlatforms
Cmd: preprocess
  insize=1509 outsize=1774 ok=1
Cmd: compileSnippet
  api=4 type=0 insize=5670 outsize=4321 kw=DIRECTIONAL SHADOWS_OFF LIGHTMAP_OFF DIRLIGHTMAP_OFF ok=1
Cmd: compileSnippet
  api=4 type=1 insize=5670 outsize=3273 kw=DIRECTIONAL SHADOWS_OFF LIGHTMAP_OFF DIRLIGHTMAP_OFF ok=1
Cmd: compileSnippet
  api=4 type=0 insize=3128 outsize=3882 kw=POINT ok=1
Cmd: compileSnippet
  api=4 type=1 insize=3128 outsize=3387 kw=POINT ok=1
Cmd: compileSnippet
  api=4 type=0 insize=3041 outsize=3167 kw= ok=1
Cmd: compileSnippet
  api=4 type=1 insize=3041 outsize=2078 kw= ok=1
Cmd: compileSnippet
  api=4 type=0 insize=5091 outsize=3224 kw=LIGHTMAP_OFF DIRLIGHTMAP_OFF HDR_LIGHT_PREPASS_OFF ok=1
Cmd: compileSnippet
  api=4 type=1 insize=5091 outsize=2152 kw=LIGHTMAP_OFF DIRLIGHTMAP_OFF HDR_LIGHT_PREPASS_OFF ok=1
Cmd: compileSnippet
  api=4 type=0 insize=3128 outsize=3102 kw=DIRECTIONAL ok=1
Cmd: compileSnippet
  api=4 type=1 insize=3128 outsize=2915 kw=DIRECTIONAL ok=1
